<?xml version="1.0" encoding="UTF-8"?>
<!-- Generated by org.testng.reporters.JUnitReportReporter -->
<testsuite hostname="LAPTOP-IUD55LVT" failures="0" tests="6" name="com.ravi.testng.OrangeTestNG" time="20.298" errors="0" timestamp="2022-07-07T18:18:55 IST" skipped="0">
  <testcase classname="com.ravi.testng.OrangeTestNG" name="LaunchApp" time="4.249"/>
  <system-out/>
  <testcase classname="com.ravi.testng.OrangeTestNG" name="EnterLoginDetails" time="3.513"/>
  <system-out/>
  <testcase classname="com.ravi.testng.OrangeTestNG" name="EnterLoginDetails" time="3.480"/>
  <system-out/>
  <testcase classname="com.ravi.testng.OrangeTestNG" name="NavigateToMyInfo" time="3.056"/>
  <system-out/>
  <testcase classname="com.ravi.testng.OrangeTestNG" name="LaunchApp" time="5.765"/>
  <system-out/>
  <testcase classname="com.ravi.testng.OrangeTestNG" name="VerifyLogin" time="0.235"/>
  <system-out/>
</testsuite> <!-- com.ravi.testng.OrangeTestNG -->
