<?xml version="1.0" encoding="UTF-8"?>
<!-- Generated by org.testng.reporters.JUnitReportReporter -->
<testsuite hostname="LAPTOP-IUD55LVT" failures="0" tests="4" name="com.ravi.testng.TestClass1" time="0.011" errors="0" timestamp="2022-07-19T15:41:49 IST" skipped="0">
  <testcase classname="com.ravi.testng.TestClass1" name="testMethod4" time="0.002"/>
  <system-out/>
  <testcase classname="com.ravi.testng.TestClass1" name="testMethod2" time="0.002"/>
  <system-out/>
  <testcase classname="com.ravi.testng.TestClass1" name="testMethod3" time="0.000"/>
  <system-out/>
  <testcase classname="com.ravi.testng.TestClass1" name="testMethod1" time="0.007"/>
  <system-out/>
</testsuite> <!-- com.ravi.testng.TestClass1 -->
