<?xml version="1.0" encoding="UTF-8"?>
<!-- Generated by org.testng.reporters.JUnitReportReporter -->
<testsuite hostname="LAPTOP-IUD55LVT" failures="0" tests="1" name="com.ravi.testng.FirstTest" time="11.501" errors="0" timestamp="2022-07-07T13:08:35 IST" skipped="0">
  <testcase classname="com.ravi.testng.FirstTest" name="first" time="11.501"/>
  <system-out/>
</testsuite> <!-- com.ravi.testng.FirstTest -->
