<?xml version="1.0" encoding="UTF-8"?>
<!-- Generated by org.testng.reporters.JUnitReportReporter -->
<testsuite hostname="LAPTOP-IUD55LVT" failures="0" tests="1" name="com.ravi.testng.FirstTest" time="0.967" errors="0" timestamp="2022-07-19T12:31:25 IST" skipped="0">
  <testcase classname="com.ravi.testng.FirstTest" name="LounchDriver" time="0.967"/>
  <system-out/>
</testsuite> <!-- com.ravi.testng.FirstTest -->
