<?xml version="1.0" encoding="UTF-8"?>
<!-- Generated by org.testng.reporters.JUnitReportReporter -->
<testsuite hostname="LAPTOP-IUD55LVT" failures="0" tests="3" name="com.ravi.testng.TestClass2" time="0.013" errors="0" timestamp="2022-07-19T15:41:49 IST" skipped="0">
  <testcase classname="com.ravi.testng.TestClass2" name="testmethod7" time="0.005"/>
  <system-out/>
  <testcase classname="com.ravi.testng.TestClass2" name="testMethod5" time="0.007"/>
  <system-out/>
  <testcase classname="com.ravi.testng.TestClass2" name="testMethod6" time="0.001"/>
  <system-out/>
</testsuite> <!-- com.ravi.testng.TestClass2 -->
